<?xml version="1.0" encoding="UTF-8"?>
<!-- Generated by org.testng.reporters.JUnitXMLReporter -->
<testsuite ignored="1" hostname="LAPTOP-76HAPQ6V" failures="0" tests="5" name="Test" time="0.094" errors="0" timestamp="2023-08-24T15:26:10 IST">
  <testcase classname="TestNG.TestNG_Grouping2" name="TC1" time="0.01"/>
  <testcase classname="TestNG.TestNG_Grouping2" name="TC3" time="0.001"/>
  <testcase classname="TestNG.TestNG_Grouping1" name="TC1" time="0.001"/>
  <testcase classname="TestNG.TestNG_Grouping1" name="TC2" time="0.001"/>
  <testcase classname="TestNG.TestNG_Grouping1" name="TC3" time="0.0"/>
  <testcase classname="TestNG.TestNG_Grouping2" name="TC2" time="0.0">
    <ignored/>
  </testcase> <!-- TC2 -->
</testsuite> <!-- Test -->
