<?xml version="1.0" encoding="UTF-8"?>
<!-- Generated by org.testng.reporters.JUnitXMLReporter -->
<testsuite ignored="0" hostname="LAPTOP-76HAPQ6V" failures="0" tests="4" name="Test5" time="15.565" errors="0" timestamp="2023-08-24T14:59:33 IST">
  <testcase classname="TestNG.TestNG_ParallelExecutin1" name="TC1" time="5.868"/>
  <testcase classname="TestNG.TestNG_ParallelExecution2" name="TC3" time="11.407"/>
  <testcase classname="TestNG.TestNG_ParallelExecutin1" name="TC2" time="5.986"/>
  <testcase classname="TestNG.TestNG_ParallelExecution2" name="TC4" time="4.124"/>
</testsuite> <!-- Test5 -->
